<?xml version="1.0" encoding="UTF-8"?>
<!-- Generated by org.testng.reporters.JUnitReportReporter -->
<testsuite hostname="ASUS" failures="0" tests="1" name="TestLogin" time="5.564" errors="0" timestamp="2022-07-19T02:36:37 BDT" skipped="0">
  <testcase classname="TestLogin" name="test_login" time="5.564"/>
  <system-out/>
</testsuite> <!-- TestLogin -->
