<?xml version="1.0" encoding="UTF-8"?>
<!-- Generated by org.testng.reporters.JUnitReportReporter -->
<testsuite hostname="ASUS" failures="0" tests="1" name="TestLogout" time="6.436" errors="0" timestamp="2022-07-17T05:07:29 BDT" skipped="0">
  <testcase classname="TestLogout" name="test_logout" time="6.436"/>
  <system-out/>
</testsuite> <!-- TestLogout -->
