<?xml version="1.0" encoding="UTF-8"?>
<!-- Generated by org.testng.reporters.JUnitReportReporter -->
<testsuite hostname="ASUS" failures="0" tests="1" name="TestRemoveCart" time="4.846" errors="0" timestamp="2022-07-17T04:21:47 BDT" skipped="0">
  <testcase classname="TestRemoveCart" name="test_remove" time="4.846"/>
  <system-out/>
</testsuite> <!-- TestRemoveCart -->
