<?xml version="1.0" encoding="UTF-8"?>
<!-- Generated by org.testng.reporters.JUnitReportReporter -->
<testsuite hostname="ASUS" failures="0" tests="1" name="TestSearchBox" time="8.908" errors="0" timestamp="2022-07-17T03:27:34 BDT" skipped="0">
  <testcase classname="TestSearchBox" name="test_search" time="8.908"/>
  <system-out/>
</testsuite> <!-- TestSearchBox -->
